<?xml version="1.0" encoding="UTF-8"?>
<!-- Generated by org.testng.reporters.JUnitReportReporter -->
<testsuite skipped="0" hostname="KatlaSelenium" name="com.learn.automation.maven.noddleLoginTest" tests="1" failures="0" timestamp="20 Jun 2017 10:30:02 GMT" time="49.616" errors="0">
  <testcase name="loginPageTest" time="49.616" classname="com.learn.automation.maven.noddleLoginTest"/>
</testsuite> <!-- com.learn.automation.maven.noddleLoginTest -->
