<?xml version="1.0" encoding="UTF-8"?>
<!-- Generated by org.testng.reporters.JUnitReportReporter -->
<testsuite skipped="0" hostname="KatlaSelenium" name="com.learn.automation.maven.mvnTest" tests="1" failures="0" timestamp="20 Jun 2017 09:44:04 GMT" time="0.015" errors="0">
  <testcase name="checkTest" time="0.015" classname="com.learn.automation.maven.mvnTest"/>
</testsuite> <!-- com.learn.automation.maven.mvnTest -->
